d:\smx\smx\smx\debug\smx.pch
d:\smx\smx\smx\debug\vc141.pdb
d:\smx\smx\smx\debug\vc141.idb
d:\smx\smx\smx\debug\stdafx.obj
d:\smx\smx\smx\debug\sm3.obj
d:\smx\smx\smx\debug\sm2.obj
d:\smx\smx\smx\debug\stringutil.obj
d:\smx\smx\smx\debug\smxdlg.obj
d:\smx\smx\smx\debug\smx.obj
d:\smx\smx\debug\smx.ilk
d:\smx\smx\debug\smx.exe
d:\smx\smx\debug\smx.pdb
d:\smx\smx\smx\debug\smx.res
d:\smx\smx\smx\debug\smx.tlog\cl.command.1.tlog
d:\smx\smx\smx\debug\smx.tlog\cl.read.1.tlog
d:\smx\smx\smx\debug\smx.tlog\cl.write.1.tlog
d:\smx\smx\smx\debug\smx.tlog\link.command.1.tlog
d:\smx\smx\smx\debug\smx.tlog\link.read.1.tlog
d:\smx\smx\smx\debug\smx.tlog\link.write.1.tlog
d:\smx\smx\smx\debug\smx.tlog\rc.command.1.tlog
d:\smx\smx\smx\debug\smx.tlog\rc.read.1.tlog
d:\smx\smx\smx\debug\smx.tlog\rc.write.1.tlog
